Build started 27/3/2017 02:35:01.
     1>Project "F:\Year 3\Graphics and Computational Programming\GCP_2\RayTracer\RayTracer\RayTracer.vcxproj" on node 2 (Build target(s)).
     1>ClCompile:
         C:\Program Files (x86)\Microsoft Visual Studio 14.0\VC\bin\CL.exe /c /I"F:\Year 3\Graphics and Computational Programming\GCP_2\RayTracer\SDKs\lodepng-master" /I"F:\Year 3\Graphics and Computational Programming\GCP_2\RayTracer\SDKs\glm" /ZI /nologo /W3 /WX- /sdl /Od /Oy- /D WIN32 /D _DEBUG /D _CONSOLE /D _UNICODE /D UNICODE /Gm /EHsc /RTC1 /MDd /GS /fp:precise /Zc:wchar_t /Zc:forScope /Zc:inline /Fo"Debug\\" /Fd"Debug\vc140.pdb" /Gd /TP /analyze- /errorReport:prompt main.cpp
         main.cpp
     1>f:\year 3\graphics and computational programming\gcp_2\raytracer\raytracer\main.cpp(70): warning C4244: '=': conversion from 'ULONGLONG' to 'int', possible loss of data
     1>f:\year 3\graphics and computational programming\gcp_2\raytracer\raytracer\main.cpp(83): warning C4244: '=': conversion from 'ULONGLONG' to 'int', possible loss of data
       Link:
         C:\Program Files (x86)\Microsoft Visual Studio 14.0\VC\bin\link.exe /ERRORREPORT:PROMPT /OUT:"F:\Year 3\Graphics and Computational Programming\GCP_2\RayTracer\Debug\RayTracer.exe" /INCREMENTAL /NOLOGO kernel32.lib user32.lib gdi32.lib winspool.lib comdlg32.lib advapi32.lib shell32.lib ole32.lib oleaut32.lib uuid.lib odbc32.lib odbccp32.lib /MANIFEST /MANIFESTUAC:"level='asInvoker' uiAccess='false'" /manifest:embed /Debug /PDB:"F:\Year 3\Graphics and Computational Programming\GCP_2\RayTracer\Debug\RayTracer.pdb" /SUBSYSTEM:CONSOLE /TLBID:1 /DYNAMICBASE /NXCOMPAT /IMPLIB:"F:\Year 3\Graphics and Computational Programming\GCP_2\RayTracer\Debug\RayTracer.lib" /MACHINE:X86 Debug\Camera.obj
         Debug\Colour.obj
         Debug\Light.obj
         Debug\lodepng.obj
         Debug\main.obj
         Debug\Object.obj
         Debug\Plane.obj
         Debug\Ray.obj
         Debug\Source.obj
         Debug\Sphere.obj
         Debug\Triangle.obj
         Debug\vec3.obj
         RayTracer.vcxproj -> F:\Year 3\Graphics and Computational Programming\GCP_2\RayTracer\Debug\RayTracer.exe
     1>Done Building Project "F:\Year 3\Graphics and Computational Programming\GCP_2\RayTracer\RayTracer\RayTracer.vcxproj" (Build target(s)).

Build succeeded.

Time Elapsed 00:00:02.54
