f:\year 3\graphics and computational programming\gcp_2\raytracer\raytracer\debug\vc140.pdb
f:\year 3\graphics and computational programming\gcp_2\raytracer\raytracer\debug\vc140.idb
f:\year 3\graphics and computational programming\gcp_2\raytracer\raytracer\debug\lodepng.obj
f:\year 3\graphics and computational programming\gcp_2\raytracer\raytracer\debug\ray.obj
f:\year 3\graphics and computational programming\gcp_2\raytracer\raytracer\debug\triangle.obj
f:\year 3\graphics and computational programming\gcp_2\raytracer\raytracer\debug\vec3.obj
f:\year 3\graphics and computational programming\gcp_2\raytracer\raytracer\debug\camera.obj
f:\year 3\graphics and computational programming\gcp_2\raytracer\raytracer\debug\sphere.obj
f:\year 3\graphics and computational programming\gcp_2\raytracer\raytracer\debug\colour.obj
f:\year 3\graphics and computational programming\gcp_2\raytracer\raytracer\debug\light.obj
f:\year 3\graphics and computational programming\gcp_2\raytracer\raytracer\debug\object.obj
f:\year 3\graphics and computational programming\gcp_2\raytracer\raytracer\debug\plane.obj
f:\year 3\graphics and computational programming\gcp_2\raytracer\raytracer\debug\main.obj
f:\year 3\graphics and computational programming\gcp_2\raytracer\raytracer\debug\source.obj
f:\year 3\graphics and computational programming\gcp_2\raytracer\debug\raytracer.ilk
f:\year 3\graphics and computational programming\gcp_2\raytracer\debug\raytracer.exe
f:\year 3\graphics and computational programming\gcp_2\raytracer\debug\raytracer.pdb
f:\year 3\graphics and computational programming\gcp_2\raytracer\raytracer\debug\raytracer.tlog\cl.command.1.tlog
f:\year 3\graphics and computational programming\gcp_2\raytracer\raytracer\debug\raytracer.tlog\cl.read.1.tlog
f:\year 3\graphics and computational programming\gcp_2\raytracer\raytracer\debug\raytracer.tlog\cl.write.1.tlog
f:\year 3\graphics and computational programming\gcp_2\raytracer\raytracer\debug\raytracer.tlog\link.command.1.tlog
f:\year 3\graphics and computational programming\gcp_2\raytracer\raytracer\debug\raytracer.tlog\link.read.1.tlog
f:\year 3\graphics and computational programming\gcp_2\raytracer\raytracer\debug\raytracer.tlog\link.write.1.tlog
