Build started 29/6/2017 16:47:25.
     1>Project "F:\Year 3\Graphics and Computational Programming\Graphics-and-Computational-Programming\CPURayTracer\RayTracer\RayTracer.vcxproj" on node 2 (Build target(s)).
     1>ClCompile:
         C:\Program Files (x86)\Microsoft Visual Studio 14.0\VC\bin\CL.exe /c /I"F:\Year 3\Graphics and Computational Programming\GCP_2\RayTracer\SDKs\lodepng-master" /I"F:\Year 3\Graphics and Computational Programming\GCP_2\RayTracer\SDKs\glm" /Zi /nologo /W3 /WX- /sdl /O2 /Oi /Oy- /GL /D WIN32 /D NDEBUG /D _CONSOLE /D _UNICODE /D UNICODE /Gm- /EHsc /MD /GS /Gy /fp:precise /Zc:wchar_t /Zc:forScope /Zc:inline /Fo"Release\\" /Fd"Release\vc140.pdb" /Gd /TP /analyze- /errorReport:prompt main.cpp
         main.cpp
     1>main.cpp(83): warning C4244: '=': conversion from 'ULONGLONG' to 'int', possible loss of data
       Link:
         C:\Program Files (x86)\Microsoft Visual Studio 14.0\VC\bin\link.exe /ERRORREPORT:PROMPT /OUT:"F:\Year 3\Graphics and Computational Programming\Graphics-and-Computational-Programming\CPURayTracer\Release\RayTracer.exe" /INCREMENTAL:NO /NOLOGO kernel32.lib user32.lib gdi32.lib winspool.lib comdlg32.lib advapi32.lib shell32.lib ole32.lib oleaut32.lib uuid.lib odbc32.lib odbccp32.lib /MANIFEST /MANIFESTUAC:"level='asInvoker' uiAccess='false'" /manifest:embed /Debug /PDB:"F:\Year 3\Graphics and Computational Programming\Graphics-and-Computational-Programming\CPURayTracer\Release\RayTracer.pdb" /SUBSYSTEM:CONSOLE /OPT:REF /OPT:ICF /LTCG:incremental /TLBID:1 /DYNAMICBASE /NXCOMPAT /IMPLIB:"F:\Year 3\Graphics and Computational Programming\Graphics-and-Computational-Programming\CPURayTracer\Release\RayTracer.lib" /MACHINE:X86 /SAFESEH Release\Camera.obj
         Release\Colour.obj
         Release\Light.obj
         Release\lodepng.obj
         Release\main.obj
         Release\Object.obj
         Release\Plane.obj
         Release\Ray.obj
         Release\Source.obj
         Release\Sphere.obj
         Release\Triangle.obj
         Release\vec3.obj
         Generating code
         1 of 992 functions ( 0.1%) were compiled, the rest were copied from previous compilation.
           0 functions were new in current compilation
           1 functions had inline decision re-evaluated but remain unchanged
         Finished generating code
         RayTracer.vcxproj -> F:\Year 3\Graphics and Computational Programming\Graphics-and-Computational-Programming\CPURayTracer\Release\RayTracer.exe
     1>Done Building Project "F:\Year 3\Graphics and Computational Programming\Graphics-and-Computational-Programming\CPURayTracer\RayTracer\RayTracer.vcxproj" (Build target(s)).

Build succeeded.

Time Elapsed 00:00:02.19
